<?xml version="1.0" encoding="UTF-8"?>
<!-- Generated by org.testng.reporters.JUnitXMLReporter -->
<testsuite hostname="Mayankm" ignored="0" name="Regression" tests="2" failures="2" timestamp="2021-01-31T22:08:35 IST" time="111.616" errors="0">
  <testcase name="runScenario" time="40.635" classname="io.cucumber.testng.AbstractTestNGCucumberTests">
    <failure type="java.lang.AssertionError" message="expected [User Name cannot be blank] but found []">
      <![CDATA[java.lang.AssertionError: expected [User Name cannot be blank] but found []
at pages.LoginPage.verifyErrBlankUsername(LoginPage.java:110)
at steps.LoginSteps.error_message_should_display_for_blank_username(LoginSteps.java:101)
at ✽.error message should display for blank username(file:///D:/Mesoka_BDD/src/test/java/features/Login.feature:11)
... Removed 6 stack frames]]>
    </failure>
  </testcase> <!-- runScenario -->
  <testcase name="runScenario" time="110.427" classname="io.cucumber.testng.AbstractTestNGCucumberTests">
    <failure type="java.lang.AssertionError" message="Error communicating with the remote browser. It may have died.
Build info: version: &amp;apos;4.0.0-alpha-6&amp;apos;, revision: &amp;apos;5f43a29cfc&amp;apos;
System info: host: &amp;apos;MAYANKM&amp;apos;, ip: &amp;apos;10.0.8.154&amp;apos;, os.name: &amp;apos;Windows 10&amp;apos;, os.arch: &amp;apos;amd64&amp;apos;, os.version: &amp;apos;10.0&amp;apos;, java.version: &amp;apos;1.8.0_131&amp;apos;
Driver info: driver.version: RemoteWebDriver
Capabilities {acceptInsecureCerts: false, browserName: chrome, browserVersion: 88.0.4324.104, chrome: {chromedriverVersion: 88.0.4324.96 (68dba2d8a0b14..., userDataDir: C:\Users\mayankm\AppData\Lo...}, goog:chromeOptions: {debuggerAddress: localhost:56934}, javascriptEnabled: true, networkConnectionEnabled: false, pageLoadStrategy: normal, platform: WINDOWS, platformName: WINDOWS, proxy: Proxy(), setWindowRect: true, strictFileInteractability: false, timeouts: {implicit: 0, pageLoad: 300000, script: 30000}, unhandledPromptBehavior: dismiss and notify, webauthn:extension:largeBlob: true, webauthn:virtualAuthenticators: true}
Session ID: 958fe088221385aaa0f9376a926927d5">
      <![CDATA[java.lang.AssertionError: Error communicating with the remote browser. It may have died.
Build info: version: '4.0.0-alpha-6', revision: '5f43a29cfc'
System info: host: 'MAYANKM', ip: '10.0.8.154', os.name: 'Windows 10', os.arch: 'amd64', os.version: '10.0', java.version: '1.8.0_131'
Driver info: driver.version: RemoteWebDriver
Capabilities {acceptInsecureCerts: false, browserName: chrome, browserVersion: 88.0.4324.104, chrome: {chromedriverVersion: 88.0.4324.96 (68dba2d8a0b14..., userDataDir: C:\Users\mayankm\AppData\Lo...}, goog:chromeOptions: {debuggerAddress: localhost:56934}, javascriptEnabled: true, networkConnectionEnabled: false, pageLoadStrategy: normal, platform: WINDOWS, platformName: WINDOWS, proxy: Proxy(), setWindowRect: true, strictFileInteractability: false, timeouts: {implicit: 0, pageLoad: 300000, script: 30000}, unhandledPromptBehavior: dismiss and notify, webauthn:extension:largeBlob: true, webauthn:virtualAuthenticators: true}
Session ID: 958fe088221385aaa0f9376a926927d5
at pages.ChangePasswordPage.clickChangePassword(ChangePasswordPage.java:57)
at steps.ChangePasswordSteps.click_on_change_password_link(ChangePasswordSteps.java:43)
at ✽.click on change password link(file:///D:/Mesoka_BDD/src/test/java/features/ChangePassword.feature:9)
... Removed 1 stack frames]]>
    </failure>
  </testcase> <!-- runScenario -->
</testsuite> <!-- Regression -->
