<?xml version="1.0" encoding="UTF-8"?>
<testsuite xmlns:xsi="http://www.w3.org/2001/XMLSchema-instance" xsi:noNamespaceSchemaLocation="https://maven.apache.org/surefire/maven-surefire-plugin/xsd/surefire-test-report-3.0.xsd" version="3.0" name="TestSuite" time="114.358" tests="2" errors="0" skipped="0" failures="2">
  <properties>
[...]
</properties>
  <testcase name="runScenario" classname="runners.LoginRunner" time="40.687">
    <failure message="expected [User Name cannot be blank] but found []" type="java.lang.AssertionError">java.lang.AssertionError: expected [User Name cannot be blank] but found []
</failure>
    <system-out><![CDATA[[TestNGContentHandler] [WARN] It is strongly recommended to add "<!DOCTYPE suite SYSTEM "https://testng.org/testng-1.0.dtd" >" at the top of your file, otherwise TestNG may fail or not work as expected.
open appication and login page open
open appication and login page open
User got login
enter valid username
enter valid password
click on signin
Username not entered
]]></system-out>
    <system-err><![CDATA[SLF4J: Failed to load class "org.slf4j.impl.StaticLoggerBinder".
SLF4J: Defaulting to no-operation (NOP) logger implementation
SLF4J: See http://www.slf4j.org/codes.html#StaticLoggerBinder for further details.
ERROR StatusLogger No log4j2 configuration file found. Using default configuration: logging only errors to the console.
Starting ChromeDriver 88.0.4324.96 (68dba2d8a0b149a1d3afac56fa74648032bcf46b-refs/branch-heads/4324@{#1784}) on port 20753
Only local connections are allowed.
Please see https://chromedriver.chromium.org/security-considerations for suggestions on keeping ChromeDriver safe.
CStharroting ChmeDriver romwas starteeDrivd successfully.
er 88.0.4324.96 (68dba2d8a0b149a1d3afac56fa74648032bcf46b-refs/branch-heads/4324@{#1784}) on port 45042
Only local connections are allowed.
Please see https://chromedriver.chromium.org/security-considerations for suggestions on keeping ChromeDriver safe.
ChromeDriver was started successfully.
Jan 31, 2021 10:06:58 PM org.openqa.selenium.remote.ProtocolHandshake createSession
INFO: Detected dialect: W3C
Jan 31, 2021 10:06:58 PM org.openqa.selenium.remote.ProtocolHandshake createSession
INFO: Detected dialect: W3C
]]></system-err>
  </testcase>
  <testcase name="runScenario" classname="runners.ChangePasswordRunner" time="110.427">
    <failure message="Error communicating with the remote browser. It may have died.&#10;Build info: version: &apos;4.0.0-alpha-6&apos;, revision: &apos;5f43a29cfc&apos;&#10;System info: host: &apos;MAYANKM&apos;, ip: &apos;10.0.8.154&apos;, os.name: &apos;Windows 10&apos;, os.arch: &apos;amd64&apos;, os.version: &apos;10.0&apos;, java.version: &apos;1.8.0_131&apos;&#10;Driver info: driver.version: RemoteWebDriver&#10;Capabilities {acceptInsecureCerts: false, browserName: chrome, browserVersion: 88.0.4324.104, chrome: {chromedriverVersion: 88.0.4324.96 (68dba2d8a0b14..., userDataDir: C:\Users\mayankm\AppData\Lo...}, goog:chromeOptions: {debuggerAddress: localhost:56934}, javascriptEnabled: true, networkConnectionEnabled: false, pageLoadStrategy: normal, platform: WINDOWS, platformName: WINDOWS, proxy: Proxy(), setWindowRect: true, strictFileInteractability: false, timeouts: {implicit: 0, pageLoad: 300000, script: 30000}, unhandledPromptBehavior: dismiss and notify, webauthn:extension:largeBlob: true, webauthn:virtualAuthenticators: true}&#10;Session ID: 958fe088221385aaa0f9376a926927d5" type="java.lang.AssertionError">java.lang.AssertionError: 
Error communicating with the remote browser. It may have died.
Build info: version: '4.0.0-alpha-6', revision: '5f43a29cfc'
System info: host: 'MAYANKM', ip: '10.0.8.154', os.name: 'Windows 10', os.arch: 'amd64', os.version: '10.0', java.version: '1.8.0_131'
Driver info: driver.version: RemoteWebDriver
Capabilities {acceptInsecureCerts: false, browserName: chrome, browserVersion: 88.0.4324.104, chrome: {chromedriverVersion: 88.0.4324.96 (68dba2d8a0b14..., userDataDir: C:\Users\mayankm\AppData\Lo...}, goog:chromeOptions: {debuggerAddress: localhost:56934}, javascriptEnabled: true, networkConnectionEnabled: false, pageLoadStrategy: normal, platform: WINDOWS, platformName: WINDOWS, proxy: Proxy(), setWindowRect: true, strictFileInteractability: false, timeouts: {implicit: 0, pageLoad: 300000, script: 30000}, unhandledPromptBehavior: dismiss and notify, webauthn:extension:largeBlob: true, webauthn:virtualAuthenticators: true}
Session ID: 958fe088221385aaa0f9376a926927d5
</failure>
    <system-out><![CDATA[User got login
click on change password link
click on change password
]]></system-out>
    <system-err><![CDATA[Jan 31, 2021 10:07:26 PM tech.grasshopper.pdf.PDFCucumberReport collectReportConfiguration
INFO: PDF report configuration not found. Using default settings.
&amp#27;[32m&amp#27;[1m???????????????????????????????????????????????????????????????????????????????&amp#27;[0m
&amp#27;[32m&amp#27;[1m?&amp#27;[0m Share your Cucumber Report with your team at &amp#27;[36m&amp#27;[1m&amp#27;[4mhttps://reports.cucumber.io&amp#27;[0m    &amp#27;[32m&amp#27;[1m?&amp#27;[0m
&amp#27;[32m&amp#27;[1m?&amp#27;[0m Activate publishing with one of the following:                              &amp#27;[32m&amp#27;[1m?&amp#27;[0m
&amp#27;[32m&amp#27;[1m?&amp#27;[0m                                                                             &amp#27;[32m&amp#27;[1m?&amp#27;[0m
&amp#27;[32m&amp#27;[1m?&amp#27;[0m src/test/resources/cucumber.properties:    &amp#27;[36mcucumber.publish.enabled&amp#27;[0m=&amp#27;[36mtrue&amp#27;[0m    &amp#27;[32m&amp#27;[1m?&amp#27;[0m
&amp#27;[32m&amp#27;[1m?&amp#27;[0m Environment variable:                      &amp#27;[36mCUCUMBER_PUBLISH_ENABLED&amp#27;[0m=&amp#27;[36mtrue&amp#27;[0m    &amp#27;[32m&amp#27;[1m?&amp#27;[0m
&amp#27;[32m&amp#27;[1m?&amp#27;[0m JUnit:                                     &amp#27;[36m@CucumberOptions&amp#27;[0m(publish = &amp#27;[36mtrue&amp#27;[0m) &amp#27;[32m&amp#27;[1m?&amp#27;[0m
&amp#27;[32m&amp#27;[1m?&amp#27;[0m                                                                             &amp#27;[32m&amp#27;[1m?&amp#27;[0m
&amp#27;[32m&amp#27;[1m?&amp#27;[0m More information at &amp#27;[36mhttps://reports.cucumber.io/docs/cucumber-jvm&amp#27;[0m           &amp#27;[32m&amp#27;[1m?&amp#27;[0m
&amp#27;[32m&amp#27;[1m?&amp#27;[0m                                                                             &amp#27;[32m&amp#27;[1m?&amp#27;[0m
&amp#27;[32m&amp#27;[1m?&amp#27;[0m To disable this message, add &amp#27;[1mcucumber.publish.quiet&amp#27;[0m&amp#27;[1m=&amp#27;[0m&amp#27;[1mtrue&amp#27;[0m to                 &amp#27;[32m&amp#27;[1m?&amp#27;[0m
&amp#27;[32m&amp#27;[1m?&amp#27;[0m &amp#27;[1msrc/test/resources/cucumber.properties&amp#27;[0m                                      &amp#27;[32m&amp#27;[1m?&amp#27;[0m
&amp#27;[32m&amp#27;[1m???????????????????????????????????????????????????????????????????????????????&amp#27;[0m
]]></system-err>
  </testcase>
</testsuite>