<?xml version="1.0" encoding="UTF-8"?>
<!-- Generated by org.testng.reporters.JUnitReportReporter -->
<testsuite skipped="0" hostname="Mayankm" name="runners.LoginRunner" tests="1" failures="1" timestamp="2021-01-31T22:08:35 IST" time="40.635" errors="0">
  <testcase name="runScenario" time="40.635" classname="runners.LoginRunner">
    <failure type="java.lang.AssertionError" message="expected [User Name cannot be blank] but found []">
      <![CDATA[java.lang.AssertionError: expected [User Name cannot be blank] but found []
at org.testng.Assert.fail(Assert.java:99)
at org.testng.Assert.failNotEquals(Assert.java:1037)
at org.testng.Assert.assertEqualsImpl(Assert.java:140)
at org.testng.Assert.assertEquals(Assert.java:122)
at org.testng.Assert.assertEquals(Assert.java:629)
at org.testng.Assert.assertEquals(Assert.java:639)
at pages.LoginPage.verifyErrBlankUsername(LoginPage.java:110)
at steps.LoginSteps.error_message_should_display_for_blank_username(LoginSteps.java:101)
at ✽.error message should display for blank username(file:///D:/Mesoka_BDD/src/test/java/features/Login.feature:11)
]]>
    </failure>
  </testcase> <!-- runScenario -->
  <system-out/>
</testsuite> <!-- runners.LoginRunner -->
